<?xml version="1.0" encoding="UTF-8"?>
<testng-results skipped="0" failed="0" ignored="0" total="6" passed="6">
  <reporter-output>
  </reporter-output>
  <suite name="Default suite" duration-ms="104767" started-at="2017-01-23T09:04:54Z" finished-at="2017-01-23T09:06:38Z">
    <groups>
    </groups>
    <test name="Default test" duration-ms="104767" started-at="2017-01-23T09:04:54Z" finished-at="2017-01-23T09:06:38Z">
      <class name="org.roopa.cart.ShopingCart">
        <test-method status="PASS" signature="getUrl()[pri:0, instance:org.roopa.cart.ShopingCart@c038203]" name="getUrl" is-config="true" duration-ms="6883" started-at="2017-01-23T01:04:54Z" finished-at="2017-01-23T01:05:01Z">
          <reporter-output>
          </reporter-output>
        </test-method> <!-- getUrl -->
        <test-method status="PASS" signature="searchAndAdd(java.lang.String, java.lang.String, java.lang.String)[pri:0, instance:org.roopa.cart.ShopingCart@c038203]" name="searchAndAdd" duration-ms="47065" started-at="2017-01-23T01:05:01Z" data-provider="orderlistcsv" finished-at="2017-01-23T01:05:48Z">
          <params>
            <param index="0">
              <value>
                <![CDATA[Kohler K66266U]]>
              </value>
            </param>
            <param index="1">
              <value>
                <![CDATA[a.swatch:nth-child(14)]]>
              </value>
            </param>
            <param index="2">
              <value>
                <![CDATA[1]]>
              </value>
            </param>
          </params>
          <reporter-output>
          </reporter-output>
        </test-method> <!-- searchAndAdd -->
        <test-method status="PASS" signature="searchAndAdd(java.lang.String, java.lang.String, java.lang.String)[pri:0, instance:org.roopa.cart.ShopingCart@c038203]" name="searchAndAdd" duration-ms="12532" started-at="2017-01-23T01:05:48Z" data-provider="orderlistcsv" finished-at="2017-01-23T01:06:00Z">
          <params>
            <param index="0">
              <value>
                <![CDATA[Kohler K66266U]]>
              </value>
            </param>
            <param index="1">
              <value>
                <![CDATA[a.swatch:nth-child(7)]]>
              </value>
            </param>
            <param index="2">
              <value>
                <![CDATA[1]]>
              </value>
            </param>
          </params>
          <reporter-output>
          </reporter-output>
        </test-method> <!-- searchAndAdd -->
        <test-method status="PASS" signature="searchAndAdd(java.lang.String, java.lang.String, java.lang.String)[pri:0, instance:org.roopa.cart.ShopingCart@c038203]" name="searchAndAdd" duration-ms="7769" started-at="2017-01-23T01:06:00Z" data-provider="orderlistcsv" finished-at="2017-01-23T01:06:08Z">
          <params>
            <param index="0">
              <value>
                <![CDATA[Kohler K-5180-ST]]>
              </value>
            </param>
            <param index="1">
              <value>
                <![CDATA[]]>
              </value>
            </param>
            <param index="2">
              <value>
                <![CDATA[2]]>
              </value>
            </param>
          </params>
          <reporter-output>
          </reporter-output>
        </test-method> <!-- searchAndAdd -->
        <test-method status="PASS" signature="checkOut()[pri:0, instance:org.roopa.cart.ShopingCart@c038203]" name="checkOut" duration-ms="24110" started-at="2017-01-23T01:06:08Z" depends-on-methods="org.roopa.cart.ShopingCart.searchAndAdd" finished-at="2017-01-23T01:06:32Z">
          <reporter-output>
          </reporter-output>
        </test-method> <!-- checkOut -->
        <test-method status="PASS" signature="assertionTax()[pri:1, instance:org.roopa.cart.ShopingCart@c038203]" name="assertionTax" duration-ms="6124" started-at="2017-01-23T01:06:32Z" depends-on-methods="org.roopa.cart.ShopingCart.checkOut" finished-at="2017-01-23T01:06:38Z">
          <reporter-output>
          </reporter-output>
        </test-method> <!-- assertionTax -->
        <test-method status="PASS" signature="assertionGrandTotal()[pri:2, instance:org.roopa.cart.ShopingCart@c038203]" name="assertionGrandTotal" duration-ms="216" started-at="2017-01-23T01:06:38Z" depends-on-methods="org.roopa.cart.ShopingCart.checkOut" finished-at="2017-01-23T01:06:38Z">
          <reporter-output>
          </reporter-output>
        </test-method> <!-- assertionGrandTotal -->
        <test-method status="PASS" signature="completeTest()[pri:0, instance:org.roopa.cart.ShopingCart@c038203]" name="completeTest" is-config="true" duration-ms="27" started-at="2017-01-23T01:06:38Z" finished-at="2017-01-23T01:06:38Z">
          <reporter-output>
          </reporter-output>
        </test-method> <!-- completeTest -->
      </class> <!-- org.roopa.cart.ShopingCart -->
    </test> <!-- Default test -->
  </suite> <!-- Default suite -->
</testng-results>
