<?xml version="1.0" encoding="UTF-8"?>
<!-- Generated by org.testng.reporters.JUnitXMLReporter -->
<testsuite hostname="MUDIGOUD1" ignored="0" name="Default test" tests="6" failures="0" timestamp="23 Jan 2017 09:47:33 GMT" time="68.073" errors="0">
  <testcase name="searchAndAdd" time="12.538" classname="org.roopa.cart.ShopingCart"/>
  <testcase name="searchAndAdd" time="17.895" classname="org.roopa.cart.ShopingCart"/>
  <testcase name="searchAndAdd" time="6.448" classname="org.roopa.cart.ShopingCart"/>
  <testcase name="checkOut" time="18.283" classname="org.roopa.cart.ShopingCart"/>
  <testcase name="assertionTax" time="4.933" classname="org.roopa.cart.ShopingCart"/>
  <testcase name="assertionGrandTotal" time="0.548" classname="org.roopa.cart.ShopingCart"/>
</testsuite> <!-- Default test -->
